INFO 2025-07-16 18:13:34,667 autoreload 22124 3560 Watching for file changes with StatReloader
WARNING 2025-07-16 18:13:44,924 log 22124 30996 Forbidden: /api/test-sunat-connection/
WARNING 2025-07-16 18:13:44,925 basehttp 22124 30996 "GET /api/test-sunat-connection/ HTTP/1.1" 403 5105
INFO 2025-07-16 18:13:45,044 basehttp 22124 18024 "GET /static/rest_framework/css/bootstrap-tweaks.css HTTP/1.1" 200 3385
INFO 2025-07-16 18:13:45,045 basehttp 22124 30996 "GET /static/rest_framework/css/bootstrap.min.css HTTP/1.1" 200 121457
INFO 2025-07-16 18:13:45,047 basehttp 22124 30996 "GET /static/rest_framework/css/default.css HTTP/1.1" 200 1152
INFO 2025-07-16 18:13:45,047 basehttp 22124 18024 "GET /static/rest_framework/css/prettify.css HTTP/1.1" 200 817
INFO 2025-07-16 18:13:45,051 basehttp 22124 18024 "GET /static/rest_framework/js/ajax-form.js HTTP/1.1" 200 3597
INFO 2025-07-16 18:13:45,053 basehttp 22124 30996 "GET /static/rest_framework/js/jquery-3.5.1.min.js HTTP/1.1" 200 89476
INFO 2025-07-16 18:13:45,055 basehttp 22124 18024 "GET /static/rest_framework/js/csrf.js HTTP/1.1" 200 1719
INFO 2025-07-16 18:13:45,056 basehttp 22124 30996 "GET /static/rest_framework/js/bootstrap.min.js HTTP/1.1" 200 39680
INFO 2025-07-16 18:13:45,059 basehttp 22124 30996 "GET /static/rest_framework/js/default.js HTTP/1.1" 200 1268
INFO 2025-07-16 18:13:45,059 basehttp 22124 18024 "GET /static/rest_framework/js/prettify-min.js HTTP/1.1" 200 13632
INFO 2025-07-16 18:13:45,062 basehttp 22124 18024 "GET /static/rest_framework/img/grid.png HTTP/1.1" 200 1458
WARNING 2025-07-16 18:13:45,380 log 22124 18024 Not Found: /favicon.ico
WARNING 2025-07-16 18:13:45,380 basehttp 22124 18024 "GET /favicon.ico HTTP/1.1" 404 2474
WARNING 2025-07-16 18:14:01,821 log 22124 19208 Forbidden: /api/test-sunat-connection/
WARNING 2025-07-16 18:14:01,821 basehttp 22124 19208 "GET /api/test-sunat-connection/ HTTP/1.1" 403 5105
WARNING 2025-07-16 18:15:04,945 log 22124 19256 Forbidden: /api/test-sunat-connection/
WARNING 2025-07-16 18:15:04,946 basehttp 22124 19256 "GET /api/test-sunat-connection/ HTTP/1.1" 403 65
INFO 2025-07-16 18:17:14,924 autoreload 22124 3560 C:\Users\jhami\OneDrive\Documentos\proyectos\conversor_ubl_sunat\api\views.py changed, reloading.
INFO 2025-07-16 18:17:15,802 autoreload 32340 16328 Watching for file changes with StatReloader
INFO 2025-07-16 18:17:28,848 client 32340 28208 Usando ambiente BETA de SUNAT
ERROR 2025-07-16 18:17:29,711 client 32340 28208 Error inicializando cliente SUNAT: 401 Client Error: Unauthorized for url: https://e-beta.sunat.gob.pe/ol-ti-itcpfegem-beta/billService.xsd2.xsd
ERROR 2025-07-16 18:17:29,715 log 32340 28208 Internal Server Error: /api/test-sunat-connection/
ERROR 2025-07-16 18:17:29,716 basehttp 32340 28208 "GET /api/test-sunat-connection/ HTTP/1.1" 500 140
INFO 2025-07-16 18:19:49,342 basehttp 32340 34504 "GET /admin/login/ HTTP/1.1" 200 4236
INFO 2025-07-16 18:19:49,606 basehttp 32340 34504 "POST /admin/login/ HTTP/1.1" 302 0
WARNING 2025-07-16 18:19:49,621 log 32340 34504 Not Found: /accounts/profile/
WARNING 2025-07-16 18:19:49,621 basehttp 32340 34504 "GET /accounts/profile/ HTTP/1.1" 404 2492
INFO 2025-07-16 18:20:19,242 client 32340 15708 Usando ambiente BETA de SUNAT
ERROR 2025-07-16 18:20:19,595 client 32340 15708 Error inicializando cliente SUNAT: 401 Client Error: Unauthorized for url: https://e-beta.sunat.gob.pe/ol-ti-itcpfegem-beta/billService?ns1.wsdl
ERROR 2025-07-16 18:20:19,596 log 32340 15708 Internal Server Error: /api/test-sunat-connection/
ERROR 2025-07-16 18:20:19,596 basehttp 32340 15708 "GET /api/test-sunat-connection/ HTTP/1.1" 500 140
INFO 2025-07-16 18:23:12,387 autoreload 32340 16328 C:\Users\jhami\OneDrive\Documentos\proyectos\conversor_ubl_sunat\sunat_integration\client.py changed, reloading.
INFO 2025-07-16 18:23:13,255 autoreload 34240 32716 Watching for file changes with StatReloader
INFO 2025-07-16 18:23:14,702 autoreload 34240 32716 C:\Users\jhami\OneDrive\Documentos\proyectos\conversor_ubl_sunat\sunat_integration\client.py changed, reloading.
INFO 2025-07-16 18:23:15,311 autoreload 35760 31576 Watching for file changes with StatReloader
INFO 2025-07-16 18:25:28,891 autoreload 35760 31576 C:\Users\jhami\OneDrive\Documentos\proyectos\conversor_ubl_sunat\sunat_integration\client.py changed, reloading.
INFO 2025-07-16 18:25:29,734 autoreload 34040 11032 Watching for file changes with StatReloader
INFO 2025-07-16 18:25:47,463 autoreload 34040 11032 C:\Users\jhami\OneDrive\Documentos\proyectos\conversor_ubl_sunat\api\views.py changed, reloading.
INFO 2025-07-16 18:25:48,279 autoreload 18748 30920 Watching for file changes with StatReloader
INFO 2025-07-16 18:25:58,031 autoreload 18748 30920 C:\Users\jhami\OneDrive\Documentos\proyectos\conversor_ubl_sunat\api\views.py changed, reloading.
INFO 2025-07-16 18:25:58,765 autoreload 33804 19080 Watching for file changes with StatReloader
