INFO 2025-07-17 11:57:34,243 client 30440 21388 Usando ambiente BETA de SUNAT
ERROR 2025-07-17 11:57:34,695 client 30440 21388 Error inicializando cliente SUNAT: 401 Client Error: Unauthorized for url: https://e-beta.sunat.gob.pe/ol-ti-itcpfegem-beta/billService?ns1.wsdl
INFO 2025-07-17 12:00:39,457 client 30440 20868 Usando ambiente BETA de SUNAT
ERROR 2025-07-17 12:00:39,853 client 30440 20868 Error inicializando cliente SUNAT: 401 Client Error: Unauthorized for url: https://e-beta.sunat.gob.pe/ol-ti-itcpfegem-beta/billService?ns1.wsdl
INFO 2025-07-18 03:37:48,195 client 35424 23208 Usando ambiente BETA de SUNAT
ERROR 2025-07-18 03:37:49,302 client 35424 23208 Error inicializando cliente SUNAT: 401 Client Error: Unauthorized for url: https://e-beta.sunat.gob.pe/ol-ti-itcpfegem-beta/billService.xsd2.xsd
INFO 2025-07-18 03:38:11,296 client 23352 22276 Usando ambiente BETA de SUNAT
ERROR 2025-07-18 03:38:11,916 client 23352 22276 Error inicializando cliente SUNAT: 401 Client Error: Unauthorized for url: https://e-beta.sunat.gob.pe/ol-ti-itcpfegem-beta/billService?ns1.wsdl
INFO 2025-07-18 11:39:09,834 client 31080 26080 Usando ambiente BETA de SUNAT
ERROR 2025-07-18 11:39:09,836 client 31080 26080 Error inesperado inicializando cliente SUNAT: Settings.__init__() got an unexpected keyword argument 'timeout'
INFO 2025-07-18 11:39:57,267 client 31080 30748 Usando ambiente BETA de SUNAT
ERROR 2025-07-18 11:39:57,267 client 31080 30748 Error inesperado inicializando cliente SUNAT: Settings.__init__() got an unexpected keyword argument 'timeout'
INFO 2025-07-18 11:39:57,270 client 31080 30748 Enviando documento a SUNAT: 20000000001-03-B001-00000001.zip
INFO 2025-07-18 11:45:11,970 client 3356 26476 Usando ambiente BETA de SUNAT
ERROR 2025-07-18 11:45:12,708 client 3356 26476 Error inesperado inicializando cliente SUNAT: 401 Client Error: Unauthorized for url: https://e-beta.sunat.gob.pe/ol-ti-itcpfegem-beta/billService?ns1.wsdl
INFO 2025-07-18 12:50:34,030 client Usando ambiente BETA de SUNAT
ERROR 2025-07-18 12:50:34,859 client Error inesperado inicializando cliente SUNAT: 401 Client Error: Unauthorized for url: https://e-beta.sunat.gob.pe/ol-ti-itcpfegem-beta/billService?ns1.wsdl
INFO 2025-07-18 12:51:07,883 client Usando ambiente BETA de SUNAT
INFO 2025-07-18 12:51:08,908 client Cliente SUNAT inicializado correctamente: https://e-beta.sunat.gob.pe/ol-ti-itcpfegem-beta/billService?wsdl
INFO 2025-07-18 12:51:08,911 client Enviando documento a SUNAT: 20000000001-03-B001-00000001.zip
ERROR 2025-07-18 12:51:09,031 client Error SOAP enviando documento 20000000001-03-B001-00000001.zip: El nombre del archivo XML no coincide con el nombre del archivo ZIP - Detalle: xxx.xxx.xxx value='ticket: 1752861128696 error: Validation Filename error zip name: 20000000001-03-B001-00000001.zip; xml name: '
INFO 2025-07-18 12:51:15,996 client Usando ambiente BETA de SUNAT
INFO 2025-07-18 12:51:16,917 client Cliente SUNAT inicializado correctamente: https://e-beta.sunat.gob.pe/ol-ti-itcpfegem-beta/billService?wsdl
INFO 2025-07-18 12:51:16,918 client Conexión exitosa. Operaciones disponibles: ['_client', '_binding_options', '_binding', '_operations']
INFO 2025-07-18 13:14:04,661 client Usando ambiente BETA de SUNAT
INFO 2025-07-18 13:14:05,752 client Cliente SUNAT inicializado correctamente: https://e-beta.sunat.gob.pe/ol-ti-itcpfegem-beta/billService?wsdl
INFO 2025-07-18 13:14:05,753 client Conexión exitosa. Operaciones disponibles: ['_client', '_binding_options', '_binding', '_operations']
INFO 2025-07-18 13:15:17,278 client Usando ambiente BETA de SUNAT
INFO 2025-07-18 13:15:18,180 client Cliente SUNAT inicializado correctamente: https://e-beta.sunat.gob.pe/ol-ti-itcpfegem-beta/billService?wsdl
INFO 2025-07-18 13:15:18,181 client Enviando documento a SUNAT: 20000000001-03-B001-00000001.zip
ERROR 2025-07-18 13:15:18,323 client Error SOAP enviando documento 20000000001-03-B001-00000001.zip: El documento electrónico ingresado ha sido alterado - Detalle: Incorrect reference digest value
INFO 2025-07-18 16:40:32,896 client Usando ambiente BETA de SUNAT
ERROR 2025-07-18 16:40:33,684 client Error inesperado inicializando cliente SUNAT: 401 Client Error: Unauthorized for url: https://e-beta.sunat.gob.pe/ol-ti-itcpfegem-beta/billService?ns1.wsdl
INFO 2025-07-18 16:40:50,615 client Usando ambiente BETA de SUNAT
ERROR 2025-07-18 16:40:51,240 client Error inesperado inicializando cliente SUNAT: 401 Client Error: Unauthorized for url: https://e-beta.sunat.gob.pe/ol-ti-itcpfegem-beta/billService?ns1.wsdl
INFO 2025-07-18 16:42:52,980 client Usando ambiente BETA de SUNAT
INFO 2025-07-18 16:42:53,897 client Cliente SUNAT inicializado correctamente: https://e-beta.sunat.gob.pe/ol-ti-itcpfegem-beta/billService?wsdl
INFO 2025-07-18 16:42:53,897 client Conexión exitosa. Operaciones disponibles: ['_client', '_binding_options', '_binding', '_operations']
INFO 2025-07-18 16:46:46,241 client Usando ambiente BETA de SUNAT
INFO 2025-07-18 16:46:47,167 client Cliente SUNAT inicializado correctamente: https://e-beta.sunat.gob.pe/ol-ti-itcpfegem-beta/billService?wsdl
INFO 2025-07-18 16:46:47,167 client Conexión exitosa. Operaciones disponibles: ['_client', '_binding_options', '_binding', '_operations']
INFO 2025-07-18 16:47:38,052 client Usando ambiente BETA de SUNAT
INFO 2025-07-18 16:47:38,946 client Cliente SUNAT inicializado correctamente: https://e-beta.sunat.gob.pe/ol-ti-itcpfegem-beta/billService?wsdl
INFO 2025-07-18 16:47:38,953 client Enviando documento a SUNAT: 20000000001-03-B001-00000002.zip
ERROR 2025-07-18 16:47:39,070 client Error SOAP enviando documento 20000000001-03-B001-00000002.zip: El documento electrónico ingresado ha sido alterado - Detalle: Incorrect reference digest value
INFO 2025-07-18 17:06:54,939 client Usando ambiente BETA de SUNAT
INFO 2025-07-18 17:06:56,040 client Cliente SUNAT inicializado correctamente: https://e-beta.sunat.gob.pe/ol-ti-itcpfegem-beta/billService?wsdl
INFO 2025-07-18 17:06:56,040 client Conexión exitosa. Operaciones disponibles: ['_client', '_binding_options', '_binding', '_operations']
INFO 2025-07-18 17:07:27,013 client Usando ambiente BETA de SUNAT
INFO 2025-07-18 17:07:27,946 client Cliente SUNAT inicializado correctamente: https://e-beta.sunat.gob.pe/ol-ti-itcpfegem-beta/billService?wsdl
INFO 2025-07-18 17:07:27,953 client Enviando documento a SUNAT: 20000000001-03-B001-00000003.zip
ERROR 2025-07-18 17:07:28,079 client Error SOAP enviando documento 20000000001-03-B001-00000003.zip: El documento electrónico ingresado ha sido alterado - Detalle: Incorrect reference digest value
INFO 2025-07-18 17:17:47,178 client Usando ambiente BETA de SUNAT (MODO DEMO)
INFO 2025-07-18 17:17:47,179 client ✅ Cliente SUNAT inicializado en MODO DEMO - Todas las respuestas serán exitosas
INFO 2025-07-18 17:17:47,180 client 🔌 [DEMO] Probando conexión con SUNAT...
INFO 2025-07-18 17:17:47,181 client ✅ [DEMO] Conexión exitosa simulada con SUNAT
INFO 2025-07-18 17:18:09,138 client Usando ambiente BETA de SUNAT (MODO DEMO)
INFO 2025-07-18 17:18:09,138 client ✅ Cliente SUNAT inicializado en MODO DEMO - Todas las respuestas serán exitosas
INFO 2025-07-18 17:18:09,138 client 📤 [DEMO] Enviando documento a SUNAT: 20000000001-03-B001-00000004.zip
INFO 2025-07-18 17:18:09,138 client ✅ [DEMO] Archivo ZIP leído correctamente: 3862 bytes
WARNING 2025-07-18 17:18:09,166 client ⚠️ [DEMO] Error creando CDR simulado: [WinError 32] The process cannot access the file because it is being used by another process: 'C:\\Users\\jhami\\AppData\\Local\\Temp\\tmpkqtq5h1b.zip'
INFO 2025-07-18 17:18:09,167 client 🎉 [DEMO] Documento enviado exitosamente: 20000000001-03-B001-00000004.zip
INFO 2025-07-18 20:56:30,215 client Usando ambiente BETA de SUNAT (MODO DEMO)
INFO 2025-07-18 20:56:30,217 client ✅ Cliente SUNAT inicializado en MODO DEMO - Todas las respuestas serán exitosas
INFO 2025-07-18 20:56:30,217 client 🔌 [DEMO] Probando conexión con SUNAT...
INFO 2025-07-18 20:56:30,217 client ✅ [DEMO] Conexión exitosa simulada con SUNAT
INFO 2025-07-18 20:57:13,326 client Usando ambiente BETA de SUNAT (MODO DEMO)
INFO 2025-07-18 20:57:13,326 client ✅ Cliente SUNAT inicializado en MODO DEMO - Todas las respuestas serán exitosas
INFO 2025-07-18 20:57:13,331 client 📤 [DEMO] Enviando documento a SUNAT: 20000000001-03-B001-00000001.zip
INFO 2025-07-18 20:57:13,331 client ✅ [DEMO] Archivo ZIP leído correctamente: 3859 bytes
WARNING 2025-07-18 20:57:13,346 client ⚠️ [DEMO] Error creando CDR simulado: [WinError 32] The process cannot access the file because it is being used by another process: 'C:\\Users\\jhami\\AppData\\Local\\Temp\\tmpklggm_ic.zip'
INFO 2025-07-18 20:57:13,347 client 🎉 [DEMO] Documento enviado exitosamente: 20000000001-03-B001-00000001.zip
INFO 2025-07-18 21:52:13,986 client Usando ambiente BETA de SUNAT (MODO DEMO)
INFO 2025-07-18 21:52:13,991 client ✅ Cliente SUNAT inicializado en MODO DEMO - Todas las respuestas serán exitosas
INFO 2025-07-18 21:52:13,992 client 🔌 [DEMO] Probando conexión con SUNAT...
INFO 2025-07-18 21:52:13,992 client ✅ [DEMO] Conexión exitosa simulada con SUNAT
INFO 2025-07-18 21:52:49,763 client Usando ambiente BETA de SUNAT (MODO DEMO)
INFO 2025-07-18 21:52:49,772 client ✅ Cliente SUNAT inicializado en MODO DEMO - Todas las respuestas serán exitosas
INFO 2025-07-18 21:52:49,773 client 📤 [DEMO] Enviando documento a SUNAT: 20000000001-03-B001-00000002.zip
INFO 2025-07-18 21:52:49,794 client ✅ [DEMO] Archivo ZIP leído correctamente: 3866 bytes
WARNING 2025-07-18 21:52:49,808 client ⚠️ [DEMO] Error creando CDR simulado: [WinError 32] The process cannot access the file because it is being used by another process: 'C:\\Users\\jhami\\AppData\\Local\\Temp\\tmpia_95x_c.zip'
INFO 2025-07-18 21:52:49,808 client 🎉 [DEMO] Documento enviado exitosamente: 20000000001-03-B001-00000002.zip
INFO 2025-07-18 21:53:49,556 client Usando ambiente BETA de SUNAT (MODO DEMO)
INFO 2025-07-18 21:53:49,556 client ✅ Cliente SUNAT inicializado en MODO DEMO - Todas las respuestas serán exitosas
INFO 2025-07-18 21:53:49,556 client 📤 [DEMO] Enviando documento a SUNAT: 20000000001-03-B001-00000001.zip
INFO 2025-07-18 21:53:49,573 client ✅ [DEMO] Archivo ZIP leído correctamente: 3863 bytes
WARNING 2025-07-18 21:53:49,584 client ⚠️ [DEMO] Error creando CDR simulado: [WinError 32] The process cannot access the file because it is being used by another process: 'C:\\Users\\jhami\\AppData\\Local\\Temp\\tmpzb7kuab_.zip'
INFO 2025-07-18 21:53:49,584 client 🎉 [DEMO] Documento enviado exitosamente: 20000000001-03-B001-00000001.zip
INFO 2025-07-18 21:54:08,493 client Usando ambiente BETA de SUNAT (MODO DEMO)
INFO 2025-07-18 21:54:08,499 client ✅ Cliente SUNAT inicializado en MODO DEMO - Todas las respuestas serán exitosas
INFO 2025-07-18 21:54:08,500 client 🔌 [DEMO] Probando conexión con SUNAT...
INFO 2025-07-18 21:54:08,500 client ✅ [DEMO] Conexión exitosa simulada con SUNAT
